2014-10-20 18:23:20 ERROR Generator:57 - Fatal Error: No puede generar el fichero RSS
java.io.FileNotFoundException: .\web\rss\SistemasInformaticos.rss (El sistema no puede encontrar la ruta especificada)
	at java.io.FileOutputStream.open(Native Method)
	at java.io.FileOutputStream.<init>(Unknown Source)
	at java.io.FileOutputStream.<init>(Unknown Source)
	at ubu.lsi.ii.sistinf.GeneratorRSS.<init>(GeneratorRSS.java:21)
	at ubu.lsi.ii.sistinf.Generator.main(Generator.java:49)
2014-10-20 18:23:21 ERROR SistInfData:67 - java.sql.SQLException: [Microsoft][Administrador de controladores ODBC] No se encuentra el nombre del origen de datos y no se especificó ningún controlador predeterminado
2014-10-20 18:23:21 ERROR Generator:270 - Posibles errores1.- Existe una carpeta ./web colgando del directorio actual2.- Problemas de apertura de fichero		2.1- Existe espacio en el disco		2.2- Esta la carpeta web protegida contra escritura		2.3- Existe un fichero index.html y esta protegido
java.io.FileNotFoundException: .\web\index.html (El sistema no puede encontrar la ruta especificada)
	at java.io.FileOutputStream.open(Native Method)
	at java.io.FileOutputStream.<init>(Unknown Source)
	at java.io.FileOutputStream.<init>(Unknown Source)
	at ubu.lsi.ii.sistinf.DocIndex.generate(DocIndex.java:51)
	at ubu.lsi.ii.sistinf.Generator.createIndex(Generator.java:266)
	at ubu.lsi.ii.sistinf.Generator.main(Generator.java:79)
2014-10-20 18:23:21 ERROR Generator:228 - Posibles errores1.- Existe una carpeta ./web colgando del directorio actual2.- Problemas de apertura de fichero		2.1- Existe espacio en el disco		2.2- Esta la carpeta web protegida contra escritura		2.3- Existe un fichero ActualesSist.html y esta protegido
java.io.FileNotFoundException: .\web\ActualesSist.html (El sistema no puede encontrar la ruta especificada)
	at java.io.FileOutputStream.open(Native Method)
	at java.io.FileOutputStream.<init>(Unknown Source)
	at java.io.FileOutputStream.<init>(Unknown Source)
	at ubu.lsi.ii.sistinf.DocCurrent.generate(DocCurrent.java:54)
	at ubu.lsi.ii.sistinf.Generator.createActuales(Generator.java:224)
	at ubu.lsi.ii.sistinf.Generator.main(Generator.java:80)
2014-10-20 18:23:21 ERROR Generator:189 - Posibles errores1.- Existe una carpeta ./web colgando del directorio actual2.- Problemas de apertura de fichero		2.1- Existe espacio en el disco		2.2- Esta la carpeta web protegida contra escritura		2.3- Existe un fichero HistoricoSist.html y esta protegido 
java.io.FileNotFoundException: .\web\HistoricoSist.html (El sistema no puede encontrar la ruta especificada)
	at java.io.FileOutputStream.open(Native Method)
	at java.io.FileOutputStream.<init>(Unknown Source)
	at java.io.FileOutputStream.<init>(Unknown Source)
	at ubu.lsi.ii.sistinf.DocHistoric.generate(DocHistoric.java:55)
	at ubu.lsi.ii.sistinf.Generator.createHistoric(Generator.java:185)
	at ubu.lsi.ii.sistinf.Generator.main(Generator.java:81)
2014-10-20 18:39:17 ERROR Generator:57 - Fatal Error: No puede generar el fichero RSS
java.io.FileNotFoundException: .\web\rss\SistemasInformaticos.rss (El sistema no puede encontrar la ruta especificada)
	at java.io.FileOutputStream.open(Native Method)
	at java.io.FileOutputStream.<init>(Unknown Source)
	at java.io.FileOutputStream.<init>(Unknown Source)
	at ubu.lsi.ii.sistinf.GeneratorRSS.<init>(GeneratorRSS.java:21)
	at ubu.lsi.ii.sistinf.Generator.main(Generator.java:49)
2014-10-20 18:39:17 ERROR SistInfData:67 - java.sql.SQLException: [Microsoft][Administrador de controladores ODBC] No se encuentra el nombre del origen de datos y no se especificó ningún controlador predeterminado
2014-10-20 18:39:17 ERROR Generator:270 - Posibles errores
1.- Existe una carpeta ./web colgando del directorio actual
2.- Problemas de apertura de fichero
		2.1- Existe espacio en el disco
		2.2- Esta la carpeta web protegida contra escritura
		2.3- Existe un fichero index.html y esta protegido
java.io.FileNotFoundException: .\web\index.html (El sistema no puede encontrar la ruta especificada)
	at java.io.FileOutputStream.open(Native Method)
	at java.io.FileOutputStream.<init>(Unknown Source)
	at java.io.FileOutputStream.<init>(Unknown Source)
	at ubu.lsi.ii.sistinf.DocIndex.generate(DocIndex.java:51)
	at ubu.lsi.ii.sistinf.Generator.createIndex(Generator.java:266)
	at ubu.lsi.ii.sistinf.Generator.main(Generator.java:79)
2014-10-20 18:39:17 ERROR Generator:228 - Posibles errores
1.- Existe una carpeta ./web colgando del directorio actual
2.- Problemas de apertura de fichero
		2.1- Existe espacio en el disco
		2.2- Esta la carpeta web protegida contra escritura
		2.3- Existe un fichero ActualesSist.html y esta protegido
java.io.FileNotFoundException: .\web\ActualesSist.html (El sistema no puede encontrar la ruta especificada)
	at java.io.FileOutputStream.open(Native Method)
	at java.io.FileOutputStream.<init>(Unknown Source)
	at java.io.FileOutputStream.<init>(Unknown Source)
	at ubu.lsi.ii.sistinf.DocCurrent.generate(DocCurrent.java:54)
	at ubu.lsi.ii.sistinf.Generator.createActuales(Generator.java:224)
	at ubu.lsi.ii.sistinf.Generator.main(Generator.java:80)
2014-10-20 18:39:17 ERROR Generator:189 - Posibles errores1.- Existe una carpeta ./web colgando del directorio actual2.- Problemas de apertura de fichero		2.1- Existe espacio en el disco		2.2- Esta la carpeta web protegida contra escritura		2.3- Existe un fichero HistoricoSist.html y esta protegido 
java.io.FileNotFoundException: .\web\HistoricoSist.html (El sistema no puede encontrar la ruta especificada)
	at java.io.FileOutputStream.open(Native Method)
	at java.io.FileOutputStream.<init>(Unknown Source)
	at java.io.FileOutputStream.<init>(Unknown Source)
	at ubu.lsi.ii.sistinf.DocHistoric.generate(DocHistoric.java:55)
	at ubu.lsi.ii.sistinf.Generator.createHistoric(Generator.java:185)
	at ubu.lsi.ii.sistinf.Generator.main(Generator.java:81)
2014-10-20 18:40:57 ERROR Generator:57 - Fatal Error: No puede generar el fichero RSS
java.io.FileNotFoundException: .\web\rss\SistemasInformaticos.rss (El sistema no puede encontrar la ruta especificada)
	at java.io.FileOutputStream.open(Native Method)
	at java.io.FileOutputStream.<init>(Unknown Source)
	at java.io.FileOutputStream.<init>(Unknown Source)
	at ubu.lsi.ii.sistinf.GeneratorRSS.<init>(GeneratorRSS.java:21)
	at ubu.lsi.ii.sistinf.Generator.main(Generator.java:49)
2014-10-20 18:40:57 ERROR SistInfData:67 - java.sql.SQLException: [Microsoft][Administrador de controladores ODBC] No se encuentra el nombre del origen de datos y no se especificó ningún controlador predeterminado
2014-10-20 18:40:57 ERROR Generator:270 - Posibles errores
1.- Existe una carpeta ./web colgando del directorio actual
2.- Problemas de apertura de fichero
		2.1- Existe espacio en el disco
		2.2- Esta la carpeta web protegida contra escritura
		2.3- Existe un fichero index.html y esta protegido
java.io.FileNotFoundException: .\web\index.html (El sistema no puede encontrar la ruta especificada)
	at java.io.FileOutputStream.open(Native Method)
	at java.io.FileOutputStream.<init>(Unknown Source)
	at java.io.FileOutputStream.<init>(Unknown Source)
	at ubu.lsi.ii.sistinf.DocIndex.generate(DocIndex.java:51)
	at ubu.lsi.ii.sistinf.Generator.createIndex(Generator.java:266)
	at ubu.lsi.ii.sistinf.Generator.main(Generator.java:79)
2014-10-20 18:40:57 ERROR Generator:228 - Posibles errores
1.- Existe una carpeta ./web colgando del directorio actual
2.- Problemas de apertura de fichero
		2.1- Existe espacio en el disco
		2.2- Esta la carpeta web protegida contra escritura
		2.3- Existe un fichero ActualesSist.html y esta protegido
java.io.FileNotFoundException: .\web\ActualesSist.html (El sistema no puede encontrar la ruta especificada)
	at java.io.FileOutputStream.open(Native Method)
	at java.io.FileOutputStream.<init>(Unknown Source)
	at java.io.FileOutputStream.<init>(Unknown Source)
	at ubu.lsi.ii.sistinf.DocCurrent.generate(DocCurrent.java:54)
	at ubu.lsi.ii.sistinf.Generator.createActuales(Generator.java:224)
	at ubu.lsi.ii.sistinf.Generator.main(Generator.java:80)
2014-10-20 18:40:57 ERROR Generator:189 - Posibles errores1.- Existe una carpeta ./web colgando del directorio actual2.- Problemas de apertura de fichero		2.1- Existe espacio en el disco		2.2- Esta la carpeta web protegida contra escritura		2.3- Existe un fichero HistoricoSist.html y esta protegido 
java.io.FileNotFoundException: .\web\HistoricoSist.html (El sistema no puede encontrar la ruta especificada)
	at java.io.FileOutputStream.open(Native Method)
	at java.io.FileOutputStream.<init>(Unknown Source)
	at java.io.FileOutputStream.<init>(Unknown Source)
	at ubu.lsi.ii.sistinf.DocHistoric.generate(DocHistoric.java:55)
	at ubu.lsi.ii.sistinf.Generator.createHistoric(Generator.java:185)
	at ubu.lsi.ii.sistinf.Generator.main(Generator.java:81)
2014-10-20 18:42:56 ERROR Generator:57 - Fatal Error: No puede generar el fichero RSS
java.io.FileNotFoundException: .\web\rss\SistemasInformaticos.rss (El sistema no puede encontrar la ruta especificada)
	at java.io.FileOutputStream.open(Native Method)
	at java.io.FileOutputStream.<init>(Unknown Source)
	at java.io.FileOutputStream.<init>(Unknown Source)
	at ubu.lsi.ii.sistinf.GeneratorRSS.<init>(GeneratorRSS.java:21)
	at ubu.lsi.ii.sistinf.Generator.main(Generator.java:49)
2014-10-20 18:42:56 ERROR SistInfData:67 - java.sql.SQLException: [Microsoft][Administrador de controladores ODBC] No se encuentra el nombre del origen de datos y no se especificó ningún controlador predeterminado
2014-10-20 18:42:56 ERROR Generator:270 - Posibles errores
1.- Existe una carpeta ./web colgando del directorio actual
2.- Problemas de apertura de fichero
		2.1- Existe espacio en el disco
		2.2- Esta la carpeta web protegida contra escritura
		2.3- Existe un fichero index.html y esta protegido
java.io.FileNotFoundException: .\web\index.html (El sistema no puede encontrar la ruta especificada)
	at java.io.FileOutputStream.open(Native Method)
	at java.io.FileOutputStream.<init>(Unknown Source)
	at java.io.FileOutputStream.<init>(Unknown Source)
	at ubu.lsi.ii.sistinf.DocIndex.generate(DocIndex.java:51)
	at ubu.lsi.ii.sistinf.Generator.createIndex(Generator.java:266)
	at ubu.lsi.ii.sistinf.Generator.main(Generator.java:79)
2014-10-20 18:42:56 ERROR Generator:228 - Posibles errores
1.- Existe una carpeta ./web colgando del directorio actual
2.- Problemas de apertura de fichero
		2.1- Existe espacio en el disco
		2.2- Esta la carpeta web protegida contra escritura
		2.3- Existe un fichero ActualesSist.html y esta protegido
java.io.FileNotFoundException: .\web\ActualesSist.html (El sistema no puede encontrar la ruta especificada)
	at java.io.FileOutputStream.open(Native Method)
	at java.io.FileOutputStream.<init>(Unknown Source)
	at java.io.FileOutputStream.<init>(Unknown Source)
	at ubu.lsi.ii.sistinf.DocCurrent.generate(DocCurrent.java:54)
	at ubu.lsi.ii.sistinf.Generator.createActuales(Generator.java:224)
	at ubu.lsi.ii.sistinf.Generator.main(Generator.java:80)
2014-10-20 18:42:56 ERROR Generator:189 - Posibles errores1.- Existe una carpeta ./web colgando del directorio actual2.- Problemas de apertura de fichero		2.1- Existe espacio en el disco		2.2- Esta la carpeta web protegida contra escritura		2.3- Existe un fichero HistoricoSist.html y esta protegido 
java.io.FileNotFoundException: .\web\HistoricoSist.html (El sistema no puede encontrar la ruta especificada)
	at java.io.FileOutputStream.open(Native Method)
	at java.io.FileOutputStream.<init>(Unknown Source)
	at java.io.FileOutputStream.<init>(Unknown Source)
	at ubu.lsi.ii.sistinf.DocHistoric.generate(DocHistoric.java:55)
	at ubu.lsi.ii.sistinf.Generator.createHistoric(Generator.java:185)
	at ubu.lsi.ii.sistinf.Generator.main(Generator.java:81)
2014-10-21 21:46:34 ERROR Generator:57 - Fatal Error: No puede generar el fichero RSS
java.io.FileNotFoundException: .\web\rss\SistemasInformaticos.rss (El sistema no puede encontrar la ruta especificada)
	at java.io.FileOutputStream.open(Native Method)
	at java.io.FileOutputStream.<init>(Unknown Source)
	at java.io.FileOutputStream.<init>(Unknown Source)
	at ubu.lsi.ii.sistinf.GeneratorRSS.<init>(GeneratorRSS.java:21)
	at ubu.lsi.ii.sistinf.Generator.main(Generator.java:49)
2014-10-21 21:46:34 ERROR SistInfData:67 - java.sql.SQLException: [Microsoft][Administrador de controladores ODBC] No se encuentra el nombre del origen de datos y no se especificó ningún controlador predeterminado
2014-10-21 21:46:34 ERROR Generator:270 - Posibles errores
1.- Existe una carpeta ./web colgando del directorio actual
2.- Problemas de apertura de fichero
		2.1- Existe espacio en el disco
		2.2- Esta la carpeta web protegida contra escritura
		2.3- Existe un fichero index.html y esta protegido
java.io.FileNotFoundException: .\web\index.html (El sistema no puede encontrar la ruta especificada)
	at java.io.FileOutputStream.open(Native Method)
	at java.io.FileOutputStream.<init>(Unknown Source)
	at java.io.FileOutputStream.<init>(Unknown Source)
	at ubu.lsi.ii.sistinf.DocIndex.generate(DocIndex.java:51)
	at ubu.lsi.ii.sistinf.Generator.createIndex(Generator.java:266)
	at ubu.lsi.ii.sistinf.Generator.main(Generator.java:79)
2014-10-21 21:46:34 ERROR Generator:228 - Posibles errores
1.- Existe una carpeta ./web colgando del directorio actual
2.- Problemas de apertura de fichero
		2.1- Existe espacio en el disco
		2.2- Esta la carpeta web protegida contra escritura
		2.3- Existe un fichero ActualesSist.html y esta protegido
java.io.FileNotFoundException: .\web\ActualesSist.html (El sistema no puede encontrar la ruta especificada)
	at java.io.FileOutputStream.open(Native Method)
	at java.io.FileOutputStream.<init>(Unknown Source)
	at java.io.FileOutputStream.<init>(Unknown Source)
	at ubu.lsi.ii.sistinf.DocCurrent.generate(DocCurrent.java:54)
	at ubu.lsi.ii.sistinf.Generator.createActuales(Generator.java:224)
	at ubu.lsi.ii.sistinf.Generator.main(Generator.java:80)
2014-10-21 21:46:35 ERROR Generator:189 - Posibles errores1.- Existe una carpeta ./web colgando del directorio actual2.- Problemas de apertura de fichero		2.1- Existe espacio en el disco		2.2- Esta la carpeta web protegida contra escritura		2.3- Existe un fichero HistoricoSist.html y esta protegido 
java.io.FileNotFoundException: .\web\HistoricoSist.html (El sistema no puede encontrar la ruta especificada)
	at java.io.FileOutputStream.open(Native Method)
	at java.io.FileOutputStream.<init>(Unknown Source)
	at java.io.FileOutputStream.<init>(Unknown Source)
	at ubu.lsi.ii.sistinf.DocHistoric.generate(DocHistoric.java:55)
	at ubu.lsi.ii.sistinf.Generator.createHistoric(Generator.java:185)
	at ubu.lsi.ii.sistinf.Generator.main(Generator.java:81)
2014-10-21 21:47:53 ERROR Generator:57 - Fatal Error: No puede generar el fichero RSS
java.io.FileNotFoundException: .\web\rss\SistemasInformaticos.rss (El sistema no puede encontrar la ruta especificada)
	at java.io.FileOutputStream.open(Native Method)
	at java.io.FileOutputStream.<init>(Unknown Source)
	at java.io.FileOutputStream.<init>(Unknown Source)
	at ubu.lsi.ii.sistinf.GeneratorRSS.<init>(GeneratorRSS.java:21)
	at ubu.lsi.ii.sistinf.Generator.main(Generator.java:49)
2014-10-21 21:50:08 ERROR SistInfData:67 - java.sql.SQLException: [Microsoft][Administrador de controladores ODBC] No se encuentra el nombre del origen de datos y no se especificó ningún controlador predeterminado
2014-10-21 21:50:08 ERROR Generator:270 - Posibles errores
1.- Existe una carpeta ./web colgando del directorio actual
2.- Problemas de apertura de fichero
		2.1- Existe espacio en el disco
		2.2- Esta la carpeta web protegida contra escritura
		2.3- Existe un fichero index.html y esta protegido
java.io.FileNotFoundException: .\web\index.html (El sistema no puede encontrar la ruta especificada)
	at java.io.FileOutputStream.open(Native Method)
	at java.io.FileOutputStream.<init>(Unknown Source)
	at java.io.FileOutputStream.<init>(Unknown Source)
	at ubu.lsi.ii.sistinf.DocIndex.generate(DocIndex.java:51)
	at ubu.lsi.ii.sistinf.Generator.createIndex(Generator.java:266)
	at ubu.lsi.ii.sistinf.Generator.main(Generator.java:79)
2014-10-21 21:50:08 ERROR Generator:228 - Posibles errores
1.- Existe una carpeta ./web colgando del directorio actual
2.- Problemas de apertura de fichero
		2.1- Existe espacio en el disco
		2.2- Esta la carpeta web protegida contra escritura
		2.3- Existe un fichero ActualesSist.html y esta protegido
java.io.FileNotFoundException: .\web\ActualesSist.html (El sistema no puede encontrar la ruta especificada)
	at java.io.FileOutputStream.open(Native Method)
	at java.io.FileOutputStream.<init>(Unknown Source)
	at java.io.FileOutputStream.<init>(Unknown Source)
	at ubu.lsi.ii.sistinf.DocCurrent.generate(DocCurrent.java:54)
	at ubu.lsi.ii.sistinf.Generator.createActuales(Generator.java:224)
	at ubu.lsi.ii.sistinf.Generator.main(Generator.java:80)
2014-10-21 21:50:08 ERROR Generator:189 - Posibles errores1.- Existe una carpeta ./web colgando del directorio actual2.- Problemas de apertura de fichero		2.1- Existe espacio en el disco		2.2- Esta la carpeta web protegida contra escritura		2.3- Existe un fichero HistoricoSist.html y esta protegido 
java.io.FileNotFoundException: .\web\HistoricoSist.html (El sistema no puede encontrar la ruta especificada)
	at java.io.FileOutputStream.open(Native Method)
	at java.io.FileOutputStream.<init>(Unknown Source)
	at java.io.FileOutputStream.<init>(Unknown Source)
	at ubu.lsi.ii.sistinf.DocHistoric.generate(DocHistoric.java:55)
	at ubu.lsi.ii.sistinf.Generator.createHistoric(Generator.java:185)
	at ubu.lsi.ii.sistinf.Generator.main(Generator.java:81)
2014-10-21 21:50:18 ERROR Generator:57 - Fatal Error: No puede generar el fichero RSS
java.io.FileNotFoundException: .\web\rss\SistemasInformaticos.rss (El sistema no puede encontrar la ruta especificada)
	at java.io.FileOutputStream.open(Native Method)
	at java.io.FileOutputStream.<init>(Unknown Source)
	at java.io.FileOutputStream.<init>(Unknown Source)
	at ubu.lsi.ii.sistinf.GeneratorRSS.<init>(GeneratorRSS.java:21)
	at ubu.lsi.ii.sistinf.Generator.main(Generator.java:49)
2014-10-21 21:50:18 ERROR SistInfData:67 - java.sql.SQLException: [Microsoft][Administrador de controladores ODBC] No se encuentra el nombre del origen de datos y no se especificó ningún controlador predeterminado
2014-10-21 21:50:18 ERROR Generator:270 - Posibles errores
1.- Existe una carpeta ./web colgando del directorio actual
2.- Problemas de apertura de fichero
		2.1- Existe espacio en el disco
		2.2- Esta la carpeta web protegida contra escritura
		2.3- Existe un fichero index.html y esta protegido
java.io.FileNotFoundException: .\web\index.html (El sistema no puede encontrar la ruta especificada)
	at java.io.FileOutputStream.open(Native Method)
	at java.io.FileOutputStream.<init>(Unknown Source)
	at java.io.FileOutputStream.<init>(Unknown Source)
	at ubu.lsi.ii.sistinf.DocIndex.generate(DocIndex.java:51)
	at ubu.lsi.ii.sistinf.Generator.createIndex(Generator.java:266)
	at ubu.lsi.ii.sistinf.Generator.main(Generator.java:79)
2014-10-21 21:50:18 ERROR Generator:228 - Posibles errores
1.- Existe una carpeta ./web colgando del directorio actual
2.- Problemas de apertura de fichero
		2.1- Existe espacio en el disco
		2.2- Esta la carpeta web protegida contra escritura
		2.3- Existe un fichero ActualesSist.html y esta protegido
java.io.FileNotFoundException: .\web\ActualesSist.html (El sistema no puede encontrar la ruta especificada)
	at java.io.FileOutputStream.open(Native Method)
	at java.io.FileOutputStream.<init>(Unknown Source)
	at java.io.FileOutputStream.<init>(Unknown Source)
	at ubu.lsi.ii.sistinf.DocCurrent.generate(DocCurrent.java:54)
	at ubu.lsi.ii.sistinf.Generator.createActuales(Generator.java:224)
	at ubu.lsi.ii.sistinf.Generator.main(Generator.java:80)
2014-10-21 21:50:18 ERROR Generator:189 - Posibles errores1.- Existe una carpeta ./web colgando del directorio actual2.- Problemas de apertura de fichero		2.1- Existe espacio en el disco		2.2- Esta la carpeta web protegida contra escritura		2.3- Existe un fichero HistoricoSist.html y esta protegido 
java.io.FileNotFoundException: .\web\HistoricoSist.html (El sistema no puede encontrar la ruta especificada)
	at java.io.FileOutputStream.open(Native Method)
	at java.io.FileOutputStream.<init>(Unknown Source)
	at java.io.FileOutputStream.<init>(Unknown Source)
	at ubu.lsi.ii.sistinf.DocHistoric.generate(DocHistoric.java:55)
	at ubu.lsi.ii.sistinf.Generator.createHistoric(Generator.java:185)
	at ubu.lsi.ii.sistinf.Generator.main(Generator.java:81)
2014-10-21 22:01:20 ERROR Generator:57 - Fatal Error: No puede generar el fichero RSS
java.io.FileNotFoundException: .\web\rss\SistemasInformaticos.rss (El sistema no puede encontrar la ruta especificada)
	at java.io.FileOutputStream.open(Native Method)
	at java.io.FileOutputStream.<init>(Unknown Source)
	at java.io.FileOutputStream.<init>(Unknown Source)
	at ubu.lsi.ii.sistinf.GeneratorRSS.<init>(GeneratorRSS.java:21)
	at ubu.lsi.ii.sistinf.Generator.main(Generator.java:49)
2014-10-21 22:01:20 ERROR SistInfData:67 - java.sql.SQLException: [Microsoft][Administrador de controladores ODBC] No se encuentra el nombre del origen de datos y no se especificó ningún controlador predeterminado
2014-10-21 22:01:20 ERROR Generator:270 - Posibles errores
1.- Existe una carpeta ./web colgando del directorio actual
2.- Problemas de apertura de fichero
		2.1- Existe espacio en el disco
		2.2- Esta la carpeta web protegida contra escritura
		2.3- Existe un fichero index.html y esta protegido
java.io.FileNotFoundException: .\web\index.html (El sistema no puede encontrar la ruta especificada)
	at java.io.FileOutputStream.open(Native Method)
	at java.io.FileOutputStream.<init>(Unknown Source)
	at java.io.FileOutputStream.<init>(Unknown Source)
	at ubu.lsi.ii.sistinf.DocIndex.generate(DocIndex.java:51)
	at ubu.lsi.ii.sistinf.Generator.createIndex(Generator.java:266)
	at ubu.lsi.ii.sistinf.Generator.main(Generator.java:79)
2014-10-21 22:01:20 ERROR Generator:228 - Posibles errores
1.- Existe una carpeta ./web colgando del directorio actual
2.- Problemas de apertura de fichero
		2.1- Existe espacio en el disco
		2.2- Esta la carpeta web protegida contra escritura
		2.3- Existe un fichero ActualesSist.html y esta protegido
java.io.FileNotFoundException: .\web\ActualesSist.html (El sistema no puede encontrar la ruta especificada)
	at java.io.FileOutputStream.open(Native Method)
	at java.io.FileOutputStream.<init>(Unknown Source)
	at java.io.FileOutputStream.<init>(Unknown Source)
	at ubu.lsi.ii.sistinf.DocCurrent.generate(DocCurrent.java:54)
	at ubu.lsi.ii.sistinf.Generator.createActuales(Generator.java:224)
	at ubu.lsi.ii.sistinf.Generator.main(Generator.java:80)
2014-10-21 22:01:20 ERROR Generator:189 - Posibles errores1.- Existe una carpeta ./web colgando del directorio actual2.- Problemas de apertura de fichero		2.1- Existe espacio en el disco		2.2- Esta la carpeta web protegida contra escritura		2.3- Existe un fichero HistoricoSist.html y esta protegido 
java.io.FileNotFoundException: .\web\HistoricoSist.html (El sistema no puede encontrar la ruta especificada)
	at java.io.FileOutputStream.open(Native Method)
	at java.io.FileOutputStream.<init>(Unknown Source)
	at java.io.FileOutputStream.<init>(Unknown Source)
	at ubu.lsi.ii.sistinf.DocHistoric.generate(DocHistoric.java:55)
	at ubu.lsi.ii.sistinf.Generator.createHistoric(Generator.java:185)
	at ubu.lsi.ii.sistinf.Generator.main(Generator.java:81)
2014-10-21 22:05:08 ERROR Generator:57 - Fatal Error: No puede generar el fichero RSS
java.io.FileNotFoundException: .\web\rss\SistemasInformaticos.rss (El sistema no puede encontrar la ruta especificada)
	at java.io.FileOutputStream.open(Native Method)
	at java.io.FileOutputStream.<init>(Unknown Source)
	at java.io.FileOutputStream.<init>(Unknown Source)
	at ubu.lsi.ii.sistinf.GeneratorRSS.<init>(GeneratorRSS.java:21)
	at ubu.lsi.ii.sistinf.Generator.main(Generator.java:49)
2014-10-21 22:05:08 ERROR SistInfData:67 - java.sql.SQLException: [Microsoft][Administrador de controladores ODBC] No se encuentra el nombre del origen de datos y no se especificó ningún controlador predeterminado
2014-10-21 22:05:08 ERROR Generator:272 - Posibles errores
1.- Existe una carpeta ./web colgando del directorio actual
2.- Problemas de apertura de fichero
		2.1- Existe espacio en el disco
		2.2- Esta la carpeta web protegida contra escritura
		2.3- Existe un fichero index.html y esta protegido
java.io.FileNotFoundException: .\web\index.html (El sistema no puede encontrar la ruta especificada)
	at java.io.FileOutputStream.open(Native Method)
	at java.io.FileOutputStream.<init>(Unknown Source)
	at java.io.FileOutputStream.<init>(Unknown Source)
	at ubu.lsi.ii.sistinf.DocIndex.generate(DocIndex.java:51)
	at ubu.lsi.ii.sistinf.Generator.createIndex(Generator.java:268)
	at ubu.lsi.ii.sistinf.Generator.main(Generator.java:79)
2014-10-21 22:05:08 ERROR Generator:230 - Posibles errores
1.- Existe una carpeta ./web colgando del directorio actual
2.- Problemas de apertura de fichero
		2.1- Existe espacio en el disco
		2.2- Esta la carpeta web protegida contra escritura
		2.3- Existe un fichero ActualesSist.html y esta protegido
java.io.FileNotFoundException: .\web\ActualesSist.html (El sistema no puede encontrar la ruta especificada)
	at java.io.FileOutputStream.open(Native Method)
	at java.io.FileOutputStream.<init>(Unknown Source)
	at java.io.FileOutputStream.<init>(Unknown Source)
	at ubu.lsi.ii.sistinf.DocCurrent.generate(DocCurrent.java:54)
	at ubu.lsi.ii.sistinf.Generator.createActuales(Generator.java:226)
	at ubu.lsi.ii.sistinf.Generator.main(Generator.java:80)
2014-10-21 22:05:08 ERROR Generator:191 - Posibles errores1.- Existe una carpeta ./web colgando del directorio actual2.- Problemas de apertura de fichero		2.1- Existe espacio en el disco		2.2- Esta la carpeta web protegida contra escritura		2.3- Existe un fichero HistoricoSist.html y esta protegido 
java.io.FileNotFoundException: .\web\HistoricoSist.html (El sistema no puede encontrar la ruta especificada)
	at java.io.FileOutputStream.open(Native Method)
	at java.io.FileOutputStream.<init>(Unknown Source)
	at java.io.FileOutputStream.<init>(Unknown Source)
	at ubu.lsi.ii.sistinf.DocHistoric.generate(DocHistoric.java:55)
	at ubu.lsi.ii.sistinf.Generator.createHistoric(Generator.java:187)
	at ubu.lsi.ii.sistinf.Generator.main(Generator.java:81)
2014-10-21 22:05:20 ERROR Generator:57 - Fatal Error: No puede generar el fichero RSS
java.io.FileNotFoundException: .\web\rss\SistemasInformaticos.rss (El sistema no puede encontrar la ruta especificada)
	at java.io.FileOutputStream.open(Native Method)
	at java.io.FileOutputStream.<init>(Unknown Source)
	at java.io.FileOutputStream.<init>(Unknown Source)
	at ubu.lsi.ii.sistinf.GeneratorRSS.<init>(GeneratorRSS.java:21)
	at ubu.lsi.ii.sistinf.Generator.main(Generator.java:49)
2014-10-21 22:05:20 ERROR SistInfData:67 - java.sql.SQLException: [Microsoft][Administrador de controladores ODBC] No se encuentra el nombre del origen de datos y no se especificó ningún controlador predeterminado
2014-10-21 22:05:20 ERROR Generator:272 - Posibles errores
1.- Existe una carpeta ./web colgando del directorio actual
2.- Problemas de apertura de fichero
		2.1- Existe espacio en el disco
		2.2- Esta la carpeta web protegida contra escritura
		2.3- Existe un fichero index.html y esta protegido
java.io.FileNotFoundException: .\web\index.html (El sistema no puede encontrar la ruta especificada)
	at java.io.FileOutputStream.open(Native Method)
	at java.io.FileOutputStream.<init>(Unknown Source)
	at java.io.FileOutputStream.<init>(Unknown Source)
	at ubu.lsi.ii.sistinf.DocIndex.generate(DocIndex.java:51)
	at ubu.lsi.ii.sistinf.Generator.createIndex(Generator.java:268)
	at ubu.lsi.ii.sistinf.Generator.main(Generator.java:79)
2014-10-21 22:05:20 ERROR Generator:230 - Posibles errores
1.- Existe una carpeta ./web colgando del directorio actual
2.- Problemas de apertura de fichero
		2.1- Existe espacio en el disco
		2.2- Esta la carpeta web protegida contra escritura
		2.3- Existe un fichero ActualesSist.html y esta protegido
java.io.FileNotFoundException: .\web\ActualesSist.html (El sistema no puede encontrar la ruta especificada)
	at java.io.FileOutputStream.open(Native Method)
	at java.io.FileOutputStream.<init>(Unknown Source)
	at java.io.FileOutputStream.<init>(Unknown Source)
	at ubu.lsi.ii.sistinf.DocCurrent.generate(DocCurrent.java:54)
	at ubu.lsi.ii.sistinf.Generator.createActuales(Generator.java:226)
	at ubu.lsi.ii.sistinf.Generator.main(Generator.java:80)
2014-10-21 22:05:20 ERROR Generator:191 - Posibles errores1.- Existe una carpeta ./web colgando del directorio actual2.- Problemas de apertura de fichero		2.1- Existe espacio en el disco		2.2- Esta la carpeta web protegida contra escritura		2.3- Existe un fichero HistoricoSist.html y esta protegido 
java.io.FileNotFoundException: .\web\HistoricoSist.html (El sistema no puede encontrar la ruta especificada)
	at java.io.FileOutputStream.open(Native Method)
	at java.io.FileOutputStream.<init>(Unknown Source)
	at java.io.FileOutputStream.<init>(Unknown Source)
	at ubu.lsi.ii.sistinf.DocHistoric.generate(DocHistoric.java:55)
	at ubu.lsi.ii.sistinf.Generator.createHistoric(Generator.java:187)
	at ubu.lsi.ii.sistinf.Generator.main(Generator.java:81)
2014-10-21 22:07:01 ERROR Generator:57 - Fatal Error: No puede generar el fichero RSS
java.io.FileNotFoundException: .\web\rss\SistemasInformaticos.rss (El sistema no puede encontrar la ruta especificada)
	at java.io.FileOutputStream.open(Native Method)
	at java.io.FileOutputStream.<init>(Unknown Source)
	at java.io.FileOutputStream.<init>(Unknown Source)
	at ubu.lsi.ii.sistinf.GeneratorRSS.<init>(GeneratorRSS.java:21)
	at ubu.lsi.ii.sistinf.Generator.main(Generator.java:49)
2014-10-21 22:07:01 ERROR SistInfData:67 - java.sql.SQLException: [Microsoft][Administrador de controladores ODBC] No se encuentra el nombre del origen de datos y no se especificó ningún controlador predeterminado
2014-10-21 22:07:01 ERROR Generator:272 - Posibles errores
1.- Existe una carpeta ./web colgando del directorio actual
2.- Problemas de apertura de fichero
		2.1- Existe espacio en el disco
		2.2- Esta la carpeta web protegida contra escritura
		2.3- Existe un fichero index.html y esta protegido
java.io.FileNotFoundException: .\web\index.html (El sistema no puede encontrar la ruta especificada)
	at java.io.FileOutputStream.open(Native Method)
	at java.io.FileOutputStream.<init>(Unknown Source)
	at java.io.FileOutputStream.<init>(Unknown Source)
	at ubu.lsi.ii.sistinf.DocIndex.generate(DocIndex.java:51)
	at ubu.lsi.ii.sistinf.Generator.createIndex(Generator.java:268)
	at ubu.lsi.ii.sistinf.Generator.main(Generator.java:79)
2014-10-21 22:07:01 ERROR Generator:230 - Posibles errores
1.- Existe una carpeta ./web colgando del directorio actual
2.- Problemas de apertura de fichero
		2.1- Existe espacio en el disco
		2.2- Esta la carpeta web protegida contra escritura
		2.3- Existe un fichero ActualesSist.html y esta protegido
java.io.FileNotFoundException: .\web\ActualesSist.html (El sistema no puede encontrar la ruta especificada)
	at java.io.FileOutputStream.open(Native Method)
	at java.io.FileOutputStream.<init>(Unknown Source)
	at java.io.FileOutputStream.<init>(Unknown Source)
	at ubu.lsi.ii.sistinf.DocCurrent.generate(DocCurrent.java:54)
	at ubu.lsi.ii.sistinf.Generator.createActuales(Generator.java:226)
	at ubu.lsi.ii.sistinf.Generator.main(Generator.java:80)
2014-10-21 22:07:01 ERROR Generator:191 - Posibles errores1.- Existe una carpeta ./web colgando del directorio actual2.- Problemas de apertura de fichero		2.1- Existe espacio en el disco		2.2- Esta la carpeta web protegida contra escritura		2.3- Existe un fichero HistoricoSist.html y esta protegido 
java.io.FileNotFoundException: .\web\HistoricoSist.html (El sistema no puede encontrar la ruta especificada)
	at java.io.FileOutputStream.open(Native Method)
	at java.io.FileOutputStream.<init>(Unknown Source)
	at java.io.FileOutputStream.<init>(Unknown Source)
	at ubu.lsi.ii.sistinf.DocHistoric.generate(DocHistoric.java:55)
	at ubu.lsi.ii.sistinf.Generator.createHistoric(Generator.java:187)
	at ubu.lsi.ii.sistinf.Generator.main(Generator.java:81)
2014-10-21 22:08:41 ERROR Generator:57 - Fatal Error: No puede generar el fichero RSS
java.io.FileNotFoundException: .\web\rss\SistemasInformaticos.rss (El sistema no puede encontrar la ruta especificada)
	at java.io.FileOutputStream.open(Native Method)
	at java.io.FileOutputStream.<init>(Unknown Source)
	at java.io.FileOutputStream.<init>(Unknown Source)
	at ubu.lsi.ii.sistinf.GeneratorRSS.<init>(GeneratorRSS.java:21)
	at ubu.lsi.ii.sistinf.Generator.main(Generator.java:49)
2014-10-23 20:32:11 ERROR Generator:57 - Fatal Error: No puede generar el fichero RSS
java.io.FileNotFoundException: .\web\rss\SistemasInformaticos.rss (El sistema no puede encontrar la ruta especificada)
	at java.io.FileOutputStream.open(Native Method)
	at java.io.FileOutputStream.<init>(Unknown Source)
	at java.io.FileOutputStream.<init>(Unknown Source)
	at ubu.lsi.ii.sistinf.GeneratorRSS.<init>(GeneratorRSS.java:21)
	at ubu.lsi.ii.sistinf.Generator.main(Generator.java:49)
2014-10-23 20:32:11 ERROR SistInfData:67 - java.sql.SQLException: [Microsoft][Administrador de controladores ODBC] No se encuentra el nombre del origen de datos y no se especificó ningún controlador predeterminado
2014-10-23 20:32:11 ERROR Generator:272 - Posibles errores
1.- Existe una carpeta ./web colgando del directorio actual
2.- Problemas de apertura de fichero
		2.1- Existe espacio en el disco
		2.2- Esta la carpeta web protegida contra escritura
		2.3- Existe un fichero index.html y esta protegido
java.io.FileNotFoundException: .\web\index.html (El sistema no puede encontrar la ruta especificada)
	at java.io.FileOutputStream.open(Native Method)
	at java.io.FileOutputStream.<init>(Unknown Source)
	at java.io.FileOutputStream.<init>(Unknown Source)
	at ubu.lsi.ii.sistinf.DocIndex.generate(DocIndex.java:51)
	at ubu.lsi.ii.sistinf.Generator.createIndex(Generator.java:268)
	at ubu.lsi.ii.sistinf.Generator.main(Generator.java:79)
2014-10-23 20:32:11 ERROR Generator:230 - Posibles errores
1.- Existe una carpeta ./web colgando del directorio actual
2.- Problemas de apertura de fichero
		2.1- Existe espacio en el disco
		2.2- Esta la carpeta web protegida contra escritura
		2.3- Existe un fichero ActualesSist.html y esta protegido
java.io.FileNotFoundException: .\web\ActualesSist.html (El sistema no puede encontrar la ruta especificada)
	at java.io.FileOutputStream.open(Native Method)
	at java.io.FileOutputStream.<init>(Unknown Source)
	at java.io.FileOutputStream.<init>(Unknown Source)
	at ubu.lsi.ii.sistinf.DocCurrent.generate(DocCurrent.java:54)
	at ubu.lsi.ii.sistinf.Generator.createActuales(Generator.java:226)
	at ubu.lsi.ii.sistinf.Generator.main(Generator.java:80)
2014-10-23 20:32:11 ERROR Generator:191 - Posibles errores1.- Existe una carpeta ./web colgando del directorio actual2.- Problemas de apertura de fichero		2.1- Existe espacio en el disco		2.2- Esta la carpeta web protegida contra escritura		2.3- Existe un fichero HistoricoSist.html y esta protegido 
java.io.FileNotFoundException: .\web\HistoricoSist.html (El sistema no puede encontrar la ruta especificada)
	at java.io.FileOutputStream.open(Native Method)
	at java.io.FileOutputStream.<init>(Unknown Source)
	at java.io.FileOutputStream.<init>(Unknown Source)
	at ubu.lsi.ii.sistinf.DocHistoric.generate(DocHistoric.java:55)
	at ubu.lsi.ii.sistinf.Generator.createHistoric(Generator.java:187)
	at ubu.lsi.ii.sistinf.Generator.main(Generator.java:81)
2014-10-27 17:32:31 ERROR Generator:57 - Fatal Error: No puede generar el fichero RSS
java.io.FileNotFoundException: .\web\rss\SistemasInformaticos.rss (El sistema no puede encontrar la ruta especificada)
	at java.io.FileOutputStream.open(Native Method)
	at java.io.FileOutputStream.<init>(Unknown Source)
	at java.io.FileOutputStream.<init>(Unknown Source)
	at ubu.lsi.ii.sistinf.GeneratorRSS.<init>(GeneratorRSS.java:21)
	at ubu.lsi.ii.sistinf.Generator.main(Generator.java:49)
2014-10-27 17:32:32 ERROR SistInfData:67 - java.sql.SQLException: [Microsoft][Administrador de controladores ODBC] No se encuentra el nombre del origen de datos y no se especificó ningún controlador predeterminado
2014-10-27 17:32:32 ERROR Generator:272 - Posibles errores
1.- Existe una carpeta ./web colgando del directorio actual
2.- Problemas de apertura de fichero
		2.1- Existe espacio en el disco
		2.2- Esta la carpeta web protegida contra escritura
		2.3- Existe un fichero index.html y esta protegido
java.io.FileNotFoundException: .\web\index.html (El sistema no puede encontrar la ruta especificada)
	at java.io.FileOutputStream.open(Native Method)
	at java.io.FileOutputStream.<init>(Unknown Source)
	at java.io.FileOutputStream.<init>(Unknown Source)
	at ubu.lsi.ii.sistinf.DocIndex.generate(DocIndex.java:51)
	at ubu.lsi.ii.sistinf.Generator.createIndex(Generator.java:268)
	at ubu.lsi.ii.sistinf.Generator.main(Generator.java:79)
2014-10-27 17:32:32 ERROR Generator:230 - Posibles errores
1.- Existe una carpeta ./web colgando del directorio actual
2.- Problemas de apertura de fichero
		2.1- Existe espacio en el disco
		2.2- Esta la carpeta web protegida contra escritura
		2.3- Existe un fichero ActualesSist.html y esta protegido
java.io.FileNotFoundException: .\web\ActualesSist.html (El sistema no puede encontrar la ruta especificada)
	at java.io.FileOutputStream.open(Native Method)
	at java.io.FileOutputStream.<init>(Unknown Source)
	at java.io.FileOutputStream.<init>(Unknown Source)
	at ubu.lsi.ii.sistinf.DocCurrent.generate(DocCurrent.java:54)
	at ubu.lsi.ii.sistinf.Generator.createActuales(Generator.java:226)
	at ubu.lsi.ii.sistinf.Generator.main(Generator.java:80)
2014-10-27 17:32:32 ERROR Generator:191 - Posibles errores1.- Existe una carpeta ./web colgando del directorio actual2.- Problemas de apertura de fichero		2.1- Existe espacio en el disco		2.2- Esta la carpeta web protegida contra escritura		2.3- Existe un fichero HistoricoSist.html y esta protegido 
java.io.FileNotFoundException: .\web\HistoricoSist.html (El sistema no puede encontrar la ruta especificada)
	at java.io.FileOutputStream.open(Native Method)
	at java.io.FileOutputStream.<init>(Unknown Source)
	at java.io.FileOutputStream.<init>(Unknown Source)
	at ubu.lsi.ii.sistinf.DocHistoric.generate(DocHistoric.java:55)
	at ubu.lsi.ii.sistinf.Generator.createHistoric(Generator.java:187)
	at ubu.lsi.ii.sistinf.Generator.main(Generator.java:81)
2014-10-27 17:35:12 ERROR Generator:57 - Fatal Error: No puede generar el fichero RSS
java.io.FileNotFoundException: .\web\rss\SistemasInformaticos.rss (El sistema no puede encontrar la ruta especificada)
	at java.io.FileOutputStream.open(Native Method)
	at java.io.FileOutputStream.<init>(Unknown Source)
	at java.io.FileOutputStream.<init>(Unknown Source)
	at ubu.lsi.ii.sistinf.GeneratorRSS.<init>(GeneratorRSS.java:21)
	at ubu.lsi.ii.sistinf.Generator.main(Generator.java:49)
2014-10-27 17:35:13 ERROR SistInfData:67 - java.sql.SQLException: [Microsoft][Administrador de controladores ODBC] No se encuentra el nombre del origen de datos y no se especificó ningún controlador predeterminado
2014-10-27 17:35:13 ERROR Generator:272 - Posibles errores
1.- Existe una carpeta ./web colgando del directorio actual
2.- Problemas de apertura de fichero
		2.1- Existe espacio en el disco
		2.2- Esta la carpeta web protegida contra escritura
		2.3- Existe un fichero index.html y esta protegido
java.io.FileNotFoundException: .\web\index.html (El sistema no puede encontrar la ruta especificada)
	at java.io.FileOutputStream.open(Native Method)
	at java.io.FileOutputStream.<init>(Unknown Source)
	at java.io.FileOutputStream.<init>(Unknown Source)
	at ubu.lsi.ii.sistinf.DocIndex.generate(DocIndex.java:51)
	at ubu.lsi.ii.sistinf.Generator.createIndex(Generator.java:268)
	at ubu.lsi.ii.sistinf.Generator.main(Generator.java:79)
2014-10-27 17:35:13 ERROR Generator:230 - Posibles errores
1.- Existe una carpeta ./web colgando del directorio actual
2.- Problemas de apertura de fichero
		2.1- Existe espacio en el disco
		2.2- Esta la carpeta web protegida contra escritura
		2.3- Existe un fichero ActualesSist.html y esta protegido
java.io.FileNotFoundException: .\web\ActualesSist.html (El sistema no puede encontrar la ruta especificada)
	at java.io.FileOutputStream.open(Native Method)
	at java.io.FileOutputStream.<init>(Unknown Source)
	at java.io.FileOutputStream.<init>(Unknown Source)
	at ubu.lsi.ii.sistinf.DocCurrent.generate(DocCurrent.java:54)
	at ubu.lsi.ii.sistinf.Generator.createActuales(Generator.java:226)
	at ubu.lsi.ii.sistinf.Generator.main(Generator.java:80)
2014-10-27 17:35:13 ERROR Generator:191 - Posibles errores1.- Existe una carpeta ./web colgando del directorio actual2.- Problemas de apertura de fichero		2.1- Existe espacio en el disco		2.2- Esta la carpeta web protegida contra escritura		2.3- Existe un fichero HistoricoSist.html y esta protegido 
java.io.FileNotFoundException: .\web\HistoricoSist.html (El sistema no puede encontrar la ruta especificada)
	at java.io.FileOutputStream.open(Native Method)
	at java.io.FileOutputStream.<init>(Unknown Source)
	at java.io.FileOutputStream.<init>(Unknown Source)
	at ubu.lsi.ii.sistinf.DocHistoric.generate(DocHistoric.java:55)
	at ubu.lsi.ii.sistinf.Generator.createHistoric(Generator.java:187)
	at ubu.lsi.ii.sistinf.Generator.main(Generator.java:81)
2014-10-27 17:40:38 ERROR Generator:57 - Fatal Error: No puede generar el fichero RSS
java.io.FileNotFoundException: .\web\rss\SistemasInformaticos.rss (El sistema no puede encontrar la ruta especificada)
	at java.io.FileOutputStream.open(Native Method)
	at java.io.FileOutputStream.<init>(Unknown Source)
	at java.io.FileOutputStream.<init>(Unknown Source)
	at ubu.lsi.ii.sistinf.GeneratorRSS.<init>(GeneratorRSS.java:21)
	at ubu.lsi.ii.sistinf.Generator.main(Generator.java:49)
2014-10-27 17:40:38 ERROR SistInfData:67 - java.sql.SQLException: [Microsoft][Administrador de controladores ODBC] No se encuentra el nombre del origen de datos y no se especificó ningún controlador predeterminado
2014-10-27 17:40:38 ERROR Generator:272 - Posibles errores
1.- Existe una carpeta ./web colgando del directorio actual
2.- Problemas de apertura de fichero
		2.1- Existe espacio en el disco
		2.2- Esta la carpeta web protegida contra escritura
		2.3- Existe un fichero index.html y esta protegido
java.io.FileNotFoundException: .\web\index.html (El sistema no puede encontrar la ruta especificada)
	at java.io.FileOutputStream.open(Native Method)
	at java.io.FileOutputStream.<init>(Unknown Source)
	at java.io.FileOutputStream.<init>(Unknown Source)
	at ubu.lsi.ii.sistinf.DocIndex.generate(DocIndex.java:51)
	at ubu.lsi.ii.sistinf.Generator.createIndex(Generator.java:268)
	at ubu.lsi.ii.sistinf.Generator.main(Generator.java:79)
2014-10-27 17:40:38 ERROR Generator:230 - Posibles errores
1.- Existe una carpeta ./web colgando del directorio actual
2.- Problemas de apertura de fichero
		2.1- Existe espacio en el disco
		2.2- Esta la carpeta web protegida contra escritura
		2.3- Existe un fichero ActualesSist.html y esta protegido
java.io.FileNotFoundException: .\web\ActualesSist.html (El sistema no puede encontrar la ruta especificada)
	at java.io.FileOutputStream.open(Native Method)
	at java.io.FileOutputStream.<init>(Unknown Source)
	at java.io.FileOutputStream.<init>(Unknown Source)
	at ubu.lsi.ii.sistinf.DocCurrent.generate(DocCurrent.java:54)
	at ubu.lsi.ii.sistinf.Generator.createActuales(Generator.java:226)
	at ubu.lsi.ii.sistinf.Generator.main(Generator.java:80)
2014-10-27 17:40:38 ERROR Generator:191 - Posibles errores1.- Existe una carpeta ./web colgando del directorio actual2.- Problemas de apertura de fichero		2.1- Existe espacio en el disco		2.2- Esta la carpeta web protegida contra escritura		2.3- Existe un fichero HistoricoSist.html y esta protegido 
java.io.FileNotFoundException: .\web\HistoricoSist.html (El sistema no puede encontrar la ruta especificada)
	at java.io.FileOutputStream.open(Native Method)
	at java.io.FileOutputStream.<init>(Unknown Source)
	at java.io.FileOutputStream.<init>(Unknown Source)
	at ubu.lsi.ii.sistinf.DocHistoric.generate(DocHistoric.java:55)
	at ubu.lsi.ii.sistinf.Generator.createHistoric(Generator.java:187)
	at ubu.lsi.ii.sistinf.Generator.main(Generator.java:81)
2014-10-27 17:51:12 ERROR Generator:57 - Fatal Error: No puede generar el fichero RSS
java.io.FileNotFoundException: .\web\rss\SistemasInformaticos.rss (El sistema no puede encontrar la ruta especificada)
	at java.io.FileOutputStream.open(Native Method)
	at java.io.FileOutputStream.<init>(Unknown Source)
	at java.io.FileOutputStream.<init>(Unknown Source)
	at ubu.lsi.ii.sistinf.GeneratorRSS.<init>(GeneratorRSS.java:21)
	at ubu.lsi.ii.sistinf.Generator.main(Generator.java:49)
2014-10-27 17:51:12 ERROR SistInfData:67 - java.sql.SQLException: [Microsoft][Administrador de controladores ODBC] La arquitectura del DSN especificado no coincide entre el controlador y la aplicación.
2014-10-27 17:51:12 ERROR Generator:272 - Posibles errores
1.- Existe una carpeta ./web colgando del directorio actual
2.- Problemas de apertura de fichero
		2.1- Existe espacio en el disco
		2.2- Esta la carpeta web protegida contra escritura
		2.3- Existe un fichero index.html y esta protegido
java.io.FileNotFoundException: .\web\index.html (El sistema no puede encontrar la ruta especificada)
	at java.io.FileOutputStream.open(Native Method)
	at java.io.FileOutputStream.<init>(Unknown Source)
	at java.io.FileOutputStream.<init>(Unknown Source)
	at ubu.lsi.ii.sistinf.DocIndex.generate(DocIndex.java:51)
	at ubu.lsi.ii.sistinf.Generator.createIndex(Generator.java:268)
	at ubu.lsi.ii.sistinf.Generator.main(Generator.java:79)
2014-10-27 17:51:12 ERROR Generator:230 - Posibles errores
1.- Existe una carpeta ./web colgando del directorio actual
2.- Problemas de apertura de fichero
		2.1- Existe espacio en el disco
		2.2- Esta la carpeta web protegida contra escritura
		2.3- Existe un fichero ActualesSist.html y esta protegido
java.io.FileNotFoundException: .\web\ActualesSist.html (El sistema no puede encontrar la ruta especificada)
	at java.io.FileOutputStream.open(Native Method)
	at java.io.FileOutputStream.<init>(Unknown Source)
	at java.io.FileOutputStream.<init>(Unknown Source)
	at ubu.lsi.ii.sistinf.DocCurrent.generate(DocCurrent.java:54)
	at ubu.lsi.ii.sistinf.Generator.createActuales(Generator.java:226)
	at ubu.lsi.ii.sistinf.Generator.main(Generator.java:80)
2014-10-27 17:51:12 ERROR Generator:191 - Posibles errores1.- Existe una carpeta ./web colgando del directorio actual2.- Problemas de apertura de fichero		2.1- Existe espacio en el disco		2.2- Esta la carpeta web protegida contra escritura		2.3- Existe un fichero HistoricoSist.html y esta protegido 
java.io.FileNotFoundException: .\web\HistoricoSist.html (El sistema no puede encontrar la ruta especificada)
	at java.io.FileOutputStream.open(Native Method)
	at java.io.FileOutputStream.<init>(Unknown Source)
	at java.io.FileOutputStream.<init>(Unknown Source)
	at ubu.lsi.ii.sistinf.DocHistoric.generate(DocHistoric.java:55)
	at ubu.lsi.ii.sistinf.Generator.createHistoric(Generator.java:187)
	at ubu.lsi.ii.sistinf.Generator.main(Generator.java:81)
2014-10-27 19:49:39 ERROR Generator:57 - Fatal Error: No puede generar el fichero RSS
java.io.FileNotFoundException: .\web\rss\SistemasInformaticos.rss (El sistema no puede encontrar la ruta especificada)
	at java.io.FileOutputStream.open(Native Method)
	at java.io.FileOutputStream.<init>(FileOutputStream.java:221)
	at java.io.FileOutputStream.<init>(FileOutputStream.java:110)
	at ubu.lsi.ii.sistinf.GeneratorRSS.<init>(GeneratorRSS.java:21)
	at ubu.lsi.ii.sistinf.Generator.main(Generator.java:49)
2014-10-27 19:49:39 ERROR Generator:272 - Posibles errores
1.- Existe una carpeta ./web colgando del directorio actual
2.- Problemas de apertura de fichero
		2.1- Existe espacio en el disco
		2.2- Esta la carpeta web protegida contra escritura
		2.3- Existe un fichero index.html y esta protegido
java.io.FileNotFoundException: .\web\index.html (El sistema no puede encontrar la ruta especificada)
	at java.io.FileOutputStream.open(Native Method)
	at java.io.FileOutputStream.<init>(FileOutputStream.java:221)
	at java.io.FileOutputStream.<init>(FileOutputStream.java:110)
	at ubu.lsi.ii.sistinf.DocIndex.generate(DocIndex.java:51)
	at ubu.lsi.ii.sistinf.Generator.createIndex(Generator.java:268)
	at ubu.lsi.ii.sistinf.Generator.main(Generator.java:79)
2014-10-27 19:49:39 ERROR Generator:230 - Posibles errores
1.- Existe una carpeta ./web colgando del directorio actual
2.- Problemas de apertura de fichero
		2.1- Existe espacio en el disco
		2.2- Esta la carpeta web protegida contra escritura
		2.3- Existe un fichero ActualesSist.html y esta protegido
java.io.FileNotFoundException: .\web\ActualesSist.html (El sistema no puede encontrar la ruta especificada)
	at java.io.FileOutputStream.open(Native Method)
	at java.io.FileOutputStream.<init>(FileOutputStream.java:221)
	at java.io.FileOutputStream.<init>(FileOutputStream.java:110)
	at ubu.lsi.ii.sistinf.DocCurrent.generate(DocCurrent.java:54)
	at ubu.lsi.ii.sistinf.Generator.createActuales(Generator.java:226)
	at ubu.lsi.ii.sistinf.Generator.main(Generator.java:80)
2014-10-27 19:49:39 ERROR Generator:191 - Posibles errores1.- Existe una carpeta ./web colgando del directorio actual2.- Problemas de apertura de fichero		2.1- Existe espacio en el disco		2.2- Esta la carpeta web protegida contra escritura		2.3- Existe un fichero HistoricoSist.html y esta protegido 
java.io.FileNotFoundException: .\web\HistoricoSist.html (El sistema no puede encontrar la ruta especificada)
	at java.io.FileOutputStream.open(Native Method)
	at java.io.FileOutputStream.<init>(FileOutputStream.java:221)
	at java.io.FileOutputStream.<init>(FileOutputStream.java:110)
	at ubu.lsi.ii.sistinf.DocHistoric.generate(DocHistoric.java:55)
	at ubu.lsi.ii.sistinf.Generator.createHistoric(Generator.java:187)
	at ubu.lsi.ii.sistinf.Generator.main(Generator.java:81)
2014-10-27 19:49:39 ERROR Generator:159 - Posibles errores
1.- Existe una carpeta ./web colgando del directorio actual
2.- Problemas de apertura de fichero
		2.1- Existe espacio en el disco
		2.2- Esta la carpeta web protegida contra escritura
		2.3- Existe un fichero MetricSist.html y esta protegido 
java.io.FileNotFoundException: .\web\MetricSist.html (El sistema no puede encontrar la ruta especificada)
	at java.io.FileOutputStream.open(Native Method)
	at java.io.FileOutputStream.<init>(FileOutputStream.java:221)
	at java.io.FileOutputStream.<init>(FileOutputStream.java:110)
	at ubu.lsi.ii.sistinf.DocMetric.generate(DocMetric.java:176)
	at ubu.lsi.ii.sistinf.Generator.createMetric(Generator.java:143)
	at ubu.lsi.ii.sistinf.Generator.main(Generator.java:82)
2014-10-27 19:50:41 ERROR Generator:57 - Fatal Error: No puede generar el fichero RSS
java.io.FileNotFoundException: .\web\rss\SistemasInformaticos.rss (El sistema no puede encontrar la ruta especificada)
	at java.io.FileOutputStream.open(Native Method)
	at java.io.FileOutputStream.<init>(Unknown Source)
	at java.io.FileOutputStream.<init>(Unknown Source)
	at ubu.lsi.ii.sistinf.GeneratorRSS.<init>(GeneratorRSS.java:21)
	at ubu.lsi.ii.sistinf.Generator.main(Generator.java:49)
2014-10-27 19:50:42 ERROR SistInfData:67 - java.sql.SQLException: [Microsoft][Administrador de controladores ODBC] La arquitectura del DSN especificado no coincide entre el controlador y la aplicación.
2014-10-27 19:50:42 ERROR Generator:272 - Posibles errores
1.- Existe una carpeta ./web colgando del directorio actual
2.- Problemas de apertura de fichero
		2.1- Existe espacio en el disco
		2.2- Esta la carpeta web protegida contra escritura
		2.3- Existe un fichero index.html y esta protegido
java.io.FileNotFoundException: .\web\index.html (El sistema no puede encontrar la ruta especificada)
	at java.io.FileOutputStream.open(Native Method)
	at java.io.FileOutputStream.<init>(Unknown Source)
	at java.io.FileOutputStream.<init>(Unknown Source)
	at ubu.lsi.ii.sistinf.DocIndex.generate(DocIndex.java:51)
	at ubu.lsi.ii.sistinf.Generator.createIndex(Generator.java:268)
	at ubu.lsi.ii.sistinf.Generator.main(Generator.java:79)
2014-10-27 19:50:42 ERROR Generator:230 - Posibles errores
1.- Existe una carpeta ./web colgando del directorio actual
2.- Problemas de apertura de fichero
		2.1- Existe espacio en el disco
		2.2- Esta la carpeta web protegida contra escritura
		2.3- Existe un fichero ActualesSist.html y esta protegido
java.io.FileNotFoundException: .\web\ActualesSist.html (El sistema no puede encontrar la ruta especificada)
	at java.io.FileOutputStream.open(Native Method)
	at java.io.FileOutputStream.<init>(Unknown Source)
	at java.io.FileOutputStream.<init>(Unknown Source)
	at ubu.lsi.ii.sistinf.DocCurrent.generate(DocCurrent.java:54)
	at ubu.lsi.ii.sistinf.Generator.createActuales(Generator.java:226)
	at ubu.lsi.ii.sistinf.Generator.main(Generator.java:80)
2014-10-27 19:50:42 ERROR Generator:191 - Posibles errores1.- Existe una carpeta ./web colgando del directorio actual2.- Problemas de apertura de fichero		2.1- Existe espacio en el disco		2.2- Esta la carpeta web protegida contra escritura		2.3- Existe un fichero HistoricoSist.html y esta protegido 
java.io.FileNotFoundException: .\web\HistoricoSist.html (El sistema no puede encontrar la ruta especificada)
	at java.io.FileOutputStream.open(Native Method)
	at java.io.FileOutputStream.<init>(Unknown Source)
	at java.io.FileOutputStream.<init>(Unknown Source)
	at ubu.lsi.ii.sistinf.DocHistoric.generate(DocHistoric.java:55)
	at ubu.lsi.ii.sistinf.Generator.createHistoric(Generator.java:187)
	at ubu.lsi.ii.sistinf.Generator.main(Generator.java:81)
